android/app/build/intermediates/manifest_merge_blame_file/debug/manifest-merger-blame-debug-report.txt
1<?xml version="1.0" encoding="utf-8"?>
2<manifest xmlns:android="http://schemas.android.com/apk/res/android"
3    package="caprind_android.com"
4    android:versionCode="1"
5    android:versionName="1.0.0" >
6
7    <uses-sdk
8        android:minSdkVersion="21"
9        android:targetSdkVersion="30" />
10
11    <uses-permission android:name="android.permission.SYSTEM_ALERT_WINDOW" />
11-->src\main\AndroidManifest.xml:4:3-75
11-->src\main\AndroidManifest.xml:4:20-73
12    <uses-permission android:name="android.permission.INTERNET" />
12-->src\main\AndroidManifest.xml:2:3-64
12-->src\main\AndroidManifest.xml:2:20-62
13    <uses-permission android:name="android.permission.READ_EXTERNAL_STORAGE" />
13-->src\main\AndroidManifest.xml:3:3-77
13-->src\main\AndroidManifest.xml:3:20-75
14    <uses-permission android:name="android.permission.VIBRATE" />
14-->src\main\AndroidManifest.xml:5:3-63
14-->src\main\AndroidManifest.xml:5:20-61
15    <uses-permission android:name="android.permission.WRITE_EXTERNAL_STORAGE" />
15-->src\main\AndroidManifest.xml:6:3-78
15-->src\main\AndroidManifest.xml:6:20-76
16
17    <queries>
17-->src\main\AndroidManifest.xml:7:3-13:13
18        <intent>
18-->src\main\AndroidManifest.xml:8:5-12:14
19            <action android:name="android.intent.action.VIEW" />
19-->src\main\AndroidManifest.xml:9:7-58
19-->src\main\AndroidManifest.xml:9:15-56
20
21            <category android:name="android.intent.category.BROWSABLE" />
21-->src\main\AndroidManifest.xml:10:7-67
21-->src\main\AndroidManifest.xml:10:17-65
22
23            <data android:scheme="https" />
23-->src\main\AndroidManifest.xml:11:7-37
23-->src\main\AndroidManifest.xml:11:13-35
24        </intent>
25        <!-- Query open documents -->
26        <intent>
26-->[:expo-file-system] AndroidManifest.xml:19:9-21:18
27            <action android:name="android.intent.action.OPEN_DOCUMENT_TREE" />
27-->[:expo-file-system] AndroidManifest.xml:20:13-79
27-->[:expo-file-system] AndroidManifest.xml:20:21-76
28        </intent>
29    </queries>
30
31    <uses-permission android:name="android.permission.ACCESS_WIFI_STATE" />
31-->[com.facebook.flipper:flipper:0.54.0] AndroidManifest.xml:16:5-76
31-->[com.facebook.flipper:flipper:0.54.0] AndroidManifest.xml:16:22-73
32    <uses-permission android:name="android.permission.READ_PHONE_STATE" />
33    <uses-permission android:name="android.permission.ACCESS_NETWORK_STATE" />
33-->[:expo-updates] AndroidManifest.xml:11:5-79
33-->[:expo-updates] AndroidManifest.xml:11:22-76
34    <uses-permission android:name="com.google.android.finsky.permission.BIND_GET_INSTALL_REFERRER_SERVICE" />
34-->[com.android.installreferrer:installreferrer:1.0] AndroidManifest.xml:9:5-110
34-->[com.android.installreferrer:installreferrer:1.0] AndroidManifest.xml:9:22-107
35
36    <application
36-->src\main\AndroidManifest.xml:14:3-32:17
37        android:name="caprind_android.com.MainApplication"
37-->src\main\AndroidManifest.xml:14:16-47
38        android:allowBackup="true"
38-->src\main\AndroidManifest.xml:14:162-188
39        android:appComponentFactory="androidx.core.app.CoreComponentFactory"
39-->[androidx.core:core:1.6.0] AndroidManifest.xml:24:18-86
40        android:debuggable="true"
41        android:icon="@mipmap/ic_launcher"
41-->src\main\AndroidManifest.xml:14:81-115
42        android:label="@string/app_name"
42-->src\main\AndroidManifest.xml:14:48-80
43        android:roundIcon="@mipmap/ic_launcher_round"
43-->src\main\AndroidManifest.xml:14:116-161
44        android:theme="@style/AppTheme"
44-->src\main\AndroidManifest.xml:14:189-220
45        android:usesCleartextTraffic="true" >
45-->src\main\AndroidManifest.xml:14:221-256
46        <meta-data
46-->src\main\AndroidManifest.xml:15:5-82
47            android:name="expo.modules.updates.ENABLED"
47-->src\main\AndroidManifest.xml:15:16-59
48            android:value="true" />
48-->src\main\AndroidManifest.xml:15:60-80
49        <meta-data
49-->src\main\AndroidManifest.xml:16:5-93
50            android:name="expo.modules.updates.EXPO_SDK_VERSION"
50-->src\main\AndroidManifest.xml:16:16-68
51            android:value="44.0.0" />
51-->src\main\AndroidManifest.xml:16:69-91
52        <meta-data
52-->src\main\AndroidManifest.xml:17:5-105
53            android:name="expo.modules.updates.EXPO_UPDATES_CHECK_ON_LAUNCH"
53-->src\main\AndroidManifest.xml:17:16-80
54            android:value="ALWAYS" />
54-->src\main\AndroidManifest.xml:17:81-103
55        <meta-data
55-->src\main\AndroidManifest.xml:18:5-99
56            android:name="expo.modules.updates.EXPO_UPDATES_LAUNCH_WAIT_MS"
56-->src\main\AndroidManifest.xml:18:16-79
57            android:value="0" />
57-->src\main\AndroidManifest.xml:18:80-97
58
59        <activity
59-->src\main\AndroidManifest.xml:19:5-30:16
60            android:name="caprind_android.com.MainActivity"
60-->src\main\AndroidManifest.xml:19:15-43
61            android:configChanges="keyboard|keyboardHidden|orientation|screenSize|uiMode"
61-->src\main\AndroidManifest.xml:19:77-154
62            android:label="@string/app_name"
62-->src\main\AndroidManifest.xml:19:44-76
63            android:launchMode="singleTask"
63-->src\main\AndroidManifest.xml:19:155-186
64            android:screenOrientation="portrait"
64-->src\main\AndroidManifest.xml:19:276-312
65            android:theme="@style/Theme.App.SplashScreen"
65-->src\main\AndroidManifest.xml:19:230-275
66            android:windowSoftInputMode="adjustResize" >
66-->src\main\AndroidManifest.xml:19:187-229
67            <intent-filter>
67-->src\main\AndroidManifest.xml:20:7-23:23
68                <action android:name="android.intent.action.MAIN" />
68-->src\main\AndroidManifest.xml:21:9-60
68-->src\main\AndroidManifest.xml:21:17-58
69
70                <category android:name="android.intent.category.LAUNCHER" />
70-->src\main\AndroidManifest.xml:22:9-68
70-->src\main\AndroidManifest.xml:22:19-66
71            </intent-filter>
72            <intent-filter>
72-->src\main\AndroidManifest.xml:24:7-29:23
73                <action android:name="android.intent.action.VIEW" />
73-->src\main\AndroidManifest.xml:9:7-58
73-->src\main\AndroidManifest.xml:9:15-56
74
75                <category android:name="android.intent.category.DEFAULT" />
75-->src\main\AndroidManifest.xml:26:9-67
75-->src\main\AndroidManifest.xml:26:19-65
76                <category android:name="android.intent.category.BROWSABLE" />
76-->src\main\AndroidManifest.xml:10:7-67
76-->src\main\AndroidManifest.xml:10:17-65
77
78                <data android:scheme="caprind_android.com" />
78-->src\main\AndroidManifest.xml:11:7-37
78-->src\main\AndroidManifest.xml:11:13-35
79            </intent-filter>
80        </activity>
81        <activity android:name="com.facebook.react.devsupport.DevSettingsActivity" />
81-->src\main\AndroidManifest.xml:31:5-81
81-->src\main\AndroidManifest.xml:31:15-79
82
83        <provider
83-->[:expo-file-system] AndroidManifest.xml:25:9-34:20
84            android:name="expo.modules.filesystem.FileSystemFileProvider"
84-->[:expo-file-system] AndroidManifest.xml:26:13-74
85            android:authorities="caprind_android.com.FileSystemFileProvider"
85-->[:expo-file-system] AndroidManifest.xml:27:13-74
86            android:exported="false"
86-->[:expo-file-system] AndroidManifest.xml:28:13-37
87            android:grantUriPermissions="true" >
87-->[:expo-file-system] AndroidManifest.xml:29:13-47
88            <meta-data
88-->[:expo-file-system] AndroidManifest.xml:31:13-33:70
89                android:name="android.support.FILE_PROVIDER_PATHS"
89-->[:expo-file-system] AndroidManifest.xml:32:17-67
90                android:resource="@xml/file_system_provider_paths" />
90-->[:expo-file-system] AndroidManifest.xml:33:17-67
91        </provider>
92
93        <meta-data
93-->[:expo-modules-core] AndroidManifest.xml:12:9-14:89
94            android:name="org.unimodules.core.AppLoader#react-native-headless"
94-->[:expo-modules-core] AndroidManifest.xml:13:13-79
95            android:value="expo.modules.adapters.react.apploader.RNHeadlessAppLoader" />
95-->[:expo-modules-core] AndroidManifest.xml:14:13-86
96
97        <service
97-->[androidx.room:room-runtime:2.3.0] AndroidManifest.xml:25:9-28:40
98            android:name="androidx.room.MultiInstanceInvalidationService"
98-->[androidx.room:room-runtime:2.3.0] AndroidManifest.xml:26:13-74
99            android:directBootAware="true"
99-->[androidx.room:room-runtime:2.3.0] AndroidManifest.xml:27:13-43
100            android:exported="false" />
100-->[androidx.room:room-runtime:2.3.0] AndroidManifest.xml:28:13-37
101    </application>
102
103</manifest>